time=2025-09-17T02:17:38.203809717Z level=info msg="  --agent-not-ready-taint-key='node.cilium.io/agent-not-ready'" subsys=cilium-operator-generic
time=2025-09-17T02:17:38.203868568Z level=info msg="  --auto-create-cilium-pod-ip-pools=''" subsys=cilium-operator-generic
time=2025-09-17T02:17:38.203873842Z level=info msg="  --auto-direct-node-routes='true'" subsys=cilium-operator-generic
time=2025-09-17T02:17:38.203877307Z level=info msg="  --bpf-distributed-lru='false'" subsys=cilium-operator-generic
time=2025-09-17T02:17:38.203885046Z level=info msg="  --bpf-events-drop-enabled='true'" subsys=cilium-operator-generic
time=2025-09-17T02:17:38.203888364Z level=info msg="  --bpf-events-policy-verdict-enabled='true'" subsys=cilium-operator-generic
time=2025-09-17T02:17:38.203891312Z level=info msg="  --bpf-events-trace-enabled='true'" subsys=cilium-operator-generic
time=2025-09-17T02:17:38.203896836Z level=info msg="  --bpf-lb-acceleration='disabled'" subsys=cilium-operator-generic
time=2025-09-17T02:17:38.203900408Z level=info msg="  --bpf-lb-algorithm='maglev'" subsys=cilium-operator-generic
time=2025-09-17T02:17:38.203918585Z level=info msg="  --bpf-lb-algorithm-annotation='false'" subsys=cilium-operator-generic
time=2025-09-17T02:17:38.20392154Z level=info msg="  --bpf-lb-external-clusterip='false'" subsys=cilium-operator-generic
time=2025-09-17T02:17:38.203924574Z level=info msg="  --bpf-lb-map-max='65536'" subsys=cilium-operator-generic
time=2025-09-17T02:17:38.203927502Z level=info msg="  --bpf-lb-mode='dsr'" subsys=cilium-operator-generic
time=2025-09-17T02:17:38.203930334Z level=info msg="  --bpf-lb-mode-annotation='false'" subsys=cilium-operator-generic
time=2025-09-17T02:17:38.203953247Z level=info msg="  --bpf-lb-proto-diff='true'" subsys=cilium-operator-generic
time=2025-09-17T02:17:38.203956533Z level=info msg="  --bpf-lb-sock='false'" subsys=cilium-operator-generic
time=2025-09-17T02:17:38.203960439Z level=info msg="  --bpf-lb-sock-hostns-only='true'" subsys=cilium-operator-generic
time=2025-09-17T02:17:38.203968821Z level=info msg="  --bpf-lb-source-range-all-types='false'" subsys=cilium-operator-generic
time=2025-09-17T02:17:38.203974811Z level=info msg="  --bpf-map-dynamic-size-ratio='0.0025'" subsys=cilium-operator-generic
time=2025-09-17T02:17:38.203980767Z level=info msg="  --bpf-policy-map-max='16384'" subsys=cilium-operator-generic
time=2025-09-17T02:17:38.203984014Z level=info msg="  --bpf-policy-stats-map-max='65536'" subsys=cilium-operator-generic
time=2025-09-17T02:17:38.203987108Z level=info msg="  --bpf-root='/sys/fs/bpf'" subsys=cilium-operator-generic
time=2025-09-17T02:17:38.203991302Z level=info msg="  --ces-max-ciliumendpoints-per-ces='100'" subsys=cilium-operator-generic
time=2025-09-17T02:17:38.203997598Z level=info msg="  --ces-rate-limits='[{\"nodes\":0,\"limit\":10,\"burst\":20}]'" subsys=cilium-operator-generic
time=2025-09-17T02:17:38.204001328Z level=info msg="  --ces-slice-mode='fcfs'" subsys=cilium-operator-generic
time=2025-09-17T02:17:38.204004365Z level=info msg="  --cgroup-root='/sys/fs/cgroup'" subsys=cilium-operator-generic
time=2025-09-17T02:17:38.204007664Z level=info msg="  --cilium-endpoint-gc-interval='5m0s'" subsys=cilium-operator-generic
time=2025-09-17T02:17:38.204014884Z level=info msg="  --cilium-pod-labels='k8s-app=cilium'" subsys=cilium-operator-generic
time=2025-09-17T02:17:38.204023975Z level=info msg="  --cilium-pod-namespace=''" subsys=cilium-operator-generic
time=2025-09-17T02:17:38.204028808Z level=info msg="  --cluster-id='0'" subsys=cilium-operator-generic
time=2025-09-17T02:17:38.204032107Z level=info msg="  --cluster-name='default'" subsys=cilium-operator-generic
time=2025-09-17T02:17:38.204045761Z level=info msg="  --cluster-pool-ipv4-cidr=''" subsys=cilium-operator-generic
time=2025-09-17T02:17:38.20405342Z level=info msg="  --cluster-pool-ipv4-mask-size='24'" subsys=cilium-operator-generic
time=2025-09-17T02:17:38.204067688Z level=info msg="  --cluster-pool-ipv6-cidr=''" subsys=cilium-operator-generic
time=2025-09-17T02:17:38.204072797Z level=info msg="  --cluster-pool-ipv6-mask-size='112'" subsys=cilium-operator-generic
time=2025-09-17T02:17:38.204077173Z level=info msg="  --clustermesh-concurrent-service-endpoint-syncs='5'" subsys=cilium-operator-generic
time=2025-09-17T02:17:38.2040825Z level=info msg="  --clustermesh-config=''" subsys=cilium-operator-generic
time=2025-09-17T02:17:38.204086049Z level=info msg="  --clustermesh-enable-endpoint-sync='false'" subsys=cilium-operator-generic
time=2025-09-17T02:17:38.204089998Z level=info msg="  --clustermesh-enable-mcs-api='false'" subsys=cilium-operator-generic
time=2025-09-17T02:17:38.20409385Z level=info msg="  --clustermesh-endpoint-updates-batch-period='500ms'" subsys=cilium-operator-generic
time=2025-09-17T02:17:38.204097778Z level=info msg="  --clustermesh-endpoints-per-slice='100'" subsys=cilium-operator-generic
time=2025-09-17T02:17:38.2041017Z level=info msg="  --clustermesh-sync-timeout='1m0s'" subsys=cilium-operator-generic
time=2025-09-17T02:17:38.204105843Z level=info msg="  --cmdref=''" subsys=cilium-operator-generic
time=2025-09-17T02:17:38.204109098Z level=info msg="  --cni-exclusive='false'" subsys=cilium-operator-generic
time=2025-09-17T02:17:38.204112381Z level=info msg="  --cni-log-file='/var/run/cilium/cilium-cni.log'" subsys=cilium-operator-generic
time=2025-09-17T02:17:38.204120316Z level=info msg="  --config=''" subsys=cilium-operator-generic
time=2025-09-17T02:17:38.20412406Z level=info msg="  --config-dir='/tmp/cilium/config-map'" subsys=cilium-operator-generic
time=2025-09-17T02:17:38.204128074Z level=info msg="  --controller-group-metrics='write-cni-file,sync-host-ips,sync-lb-maps-with-k8s-services'" subsys=cilium-operator-generic
time=2025-09-17T02:17:38.204133981Z level=info msg="  --custom-cni-conf='false'" subsys=cilium-operator-generic
time=2025-09-17T02:17:38.204139906Z level=info msg="  --datapath-mode='veth'" subsys=cilium-operator-generic
time=2025-09-17T02:17:38.204144655Z level=info msg="  --debug='false'" subsys=cilium-operator-generic
time=2025-09-17T02:17:38.204148699Z level=info msg="  --debug-verbose=''" subsys=cilium-operator-generic
time=2025-09-17T02:17:38.204152274Z level=info msg="  --default-lb-service-ipam='lbipam'" subsys=cilium-operator-generic
time=2025-09-17T02:17:38.204155419Z level=info msg="  --direct-routing-skip-unreachable='false'" subsys=cilium-operator-generic
time=2025-09-17T02:17:38.204158924Z level=info msg="  --disable-endpoint-crd='false'" subsys=cilium-operator-generic
time=2025-09-17T02:17:38.204162087Z level=info msg="  --dnsproxy-enable-transparent-mode='true'" subsys=cilium-operator-generic
time=2025-09-17T02:17:38.2041658Z level=info msg="  --dnsproxy-socket-linger-timeout='10'" subsys=cilium-operator-generic
time=2025-09-17T02:17:38.204170084Z level=info msg="  --double-write-metric-reporter-interval='1m0s'" subsys=cilium-operator-generic
time=2025-09-17T02:17:38.204173425Z level=info msg="  --egress-gateway-reconciliation-trigger-interval='1s'" subsys=cilium-operator-generic
time=2025-09-17T02:17:38.204176725Z level=info msg="  --enable-auto-protect-node-port-range='true'" subsys=cilium-operator-generic
time=2025-09-17T02:17:38.204179811Z level=info msg="  --enable-bpf-clock-probe='false'" subsys=cilium-operator-generic
time=2025-09-17T02:17:38.204183554Z level=info msg="  --enable-bpf-masquerade='true'" subsys=cilium-operator-generic
time=2025-09-17T02:17:38.204186915Z level=info msg="  --enable-cilium-clusterwide-network-policy='true'" subsys=cilium-operator-generic
time=2025-09-17T02:17:38.204191963Z level=info msg="  --enable-cilium-endpoint-slice='false'" subsys=cilium-operator-generic
time=2025-09-17T02:17:38.204195312Z level=info msg="  --enable-cilium-network-policy='true'" subsys=cilium-operator-generic
time=2025-09-17T02:17:38.204206825Z level=info msg="  --enable-cilium-operator-server-access='*'" subsys=cilium-operator-generic
time=2025-09-17T02:17:38.204212678Z level=info msg="  --enable-egress-gateway='false'" subsys=cilium-operator-generic
time=2025-09-17T02:17:38.204218165Z level=info msg="  --enable-endpoint-health-checking='true'" subsys=cilium-operator-generic
time=2025-09-17T02:17:38.204221574Z level=info msg="  --enable-endpoint-lockdown-on-policy-overflow='false'" subsys=cilium-operator-generic
time=2025-09-17T02:17:38.204224792Z level=info msg="  --enable-endpoint-routes='true'" subsys=cilium-operator-generic
time=2025-09-17T02:17:38.204228298Z level=info msg="  --enable-gateway-api-alpn='false'" subsys=cilium-operator-generic
time=2025-09-17T02:17:38.204231422Z level=info msg="  --enable-gateway-api-app-protocol='false'" subsys=cilium-operator-generic
time=2025-09-17T02:17:38.204234862Z level=info msg="  --enable-gateway-api-proxy-protocol='false'" subsys=cilium-operator-generic
time=2025-09-17T02:17:38.204238311Z level=info msg="  --enable-gateway-api-secrets-sync='true'" subsys=cilium-operator-generic
time=2025-09-17T02:17:38.204241725Z level=info msg="  --enable-gops='true'" subsys=cilium-operator-generic
time=2025-09-17T02:17:38.204246003Z level=info msg="  --enable-health-check-loadbalancer-ip='false'" subsys=cilium-operator-generic
time=2025-09-17T02:17:38.204249256Z level=info msg="  --enable-health-check-nodeport='true'" subsys=cilium-operator-generic
time=2025-09-17T02:17:38.204252566Z level=info msg="  --enable-health-checking='true'" subsys=cilium-operator-generic
time=2025-09-17T02:17:38.204255575Z level=info msg="  --enable-host-legacy-routing='true'" subsys=cilium-operator-generic
time=2025-09-17T02:17:38.204258793Z level=info msg="  --enable-hubble='false'" subsys=cilium-operator-generic
time=2025-09-17T02:17:38.204389466Z level=info msg="  --enable-icmp-rules='true'" subsys=cilium-operator-generic
time=2025-09-17T02:17:38.204412124Z level=info msg="  --enable-ingress-controller='false'" subsys=cilium-operator-generic
time=2025-09-17T02:17:38.204419686Z level=info msg="  --enable-ingress-proxy-protocol='false'" subsys=cilium-operator-generic
time=2025-09-17T02:17:38.204429188Z level=info msg="  --enable-ingress-secrets-sync='true'" subsys=cilium-operator-generic
time=2025-09-17T02:17:38.204435206Z level=info msg="  --enable-internal-traffic-policy='true'" subsys=cilium-operator-generic
time=2025-09-17T02:17:38.204447944Z level=info msg="  --enable-ipv4='true'" subsys=cilium-operator-generic
time=2025-09-17T02:17:38.204453726Z level=info msg="  --enable-ipv4-big-tcp='false'" subsys=cilium-operator-generic
time=2025-09-17T02:17:38.204461573Z level=info msg="  --enable-ipv4-egress-gateway='false'" subsys=cilium-operator-generic
time=2025-09-17T02:17:38.204467412Z level=info msg="  --enable-ipv4-masquerade='true'" subsys=cilium-operator-generic
time=2025-09-17T02:17:38.204479373Z level=info msg="  --enable-ipv6='false'" subsys=cilium-operator-generic
time=2025-09-17T02:17:38.204484649Z level=info msg="  --enable-ipv6-big-tcp='false'" subsys=cilium-operator-generic
time=2025-09-17T02:17:38.204489985Z level=info msg="  --enable-ipv6-masquerade='true'" subsys=cilium-operator-generic
time=2025-09-17T02:17:38.204496004Z level=info msg="  --enable-k8s='true'" subsys=cilium-operator-generic
time=2025-09-17T02:17:38.204501207Z level=info msg="  --enable-k8s-api-discovery='true'" subsys=cilium-operator-generic
time=2025-09-17T02:17:38.204512575Z level=info msg="  --enable-k8s-endpoint-slice='true'" subsys=cilium-operator-generic
time=2025-09-17T02:17:38.204518406Z level=info msg="  --enable-k8s-networkpolicy='true'" subsys=cilium-operator-generic
time=2025-09-17T02:17:38.20452391Z level=info msg="  --enable-l2-announcements='true'" subsys=cilium-operator-generic
time=2025-09-17T02:17:38.204529314Z level=info msg="  --enable-l2-neigh-discovery='false'" subsys=cilium-operator-generic
time=2025-09-17T02:17:38.204534837Z level=info msg="  --enable-l7-proxy='true'" subsys=cilium-operator-generic
time=2025-09-17T02:17:38.204544812Z level=info msg="  --enable-lb-ipam='true'" subsys=cilium-operator-generic
time=2025-09-17T02:17:38.204550379Z level=info msg="  --enable-local-redirect-policy='true'" subsys=cilium-operator-generic
time=2025-09-17T02:17:38.204561365Z level=info msg="  --enable-masquerade-to-route-source='false'" subsys=cilium-operator-generic
time=2025-09-17T02:17:38.204567143Z level=info msg="  --enable-metrics='true'" subsys=cilium-operator-generic
time=2025-09-17T02:17:38.20457905Z level=info msg="  --enable-node-ipam='false'" subsys=cilium-operator-generic
time=2025-09-17T02:17:38.204584889Z level=info msg="  --enable-node-port='false'" subsys=cilium-operator-generic
time=2025-09-17T02:17:38.20459052Z level=info msg="  --enable-node-selector-labels='false'" subsys=cilium-operator-generic
time=2025-09-17T02:17:38.204596429Z level=info msg="  --enable-non-default-deny-policies='true'" subsys=cilium-operator-generic
time=2025-09-17T02:17:38.20460382Z level=info msg="  --enable-policy='default'" subsys=cilium-operator-generic
time=2025-09-17T02:17:38.204614208Z level=info msg="  --enable-policy-secrets-sync='true'" subsys=cilium-operator-generic
time=2025-09-17T02:17:38.204619935Z level=info msg="  --enable-sctp='false'" subsys=cilium-operator-generic
time=2025-09-17T02:17:38.204625327Z level=info msg="  --enable-source-ip-verification='true'" subsys=cilium-operator-generic
time=2025-09-17T02:17:38.204632583Z level=info msg="  --enable-srv6='false'" subsys=cilium-operator-generic
time=2025-09-17T02:17:38.204637991Z level=info msg="  --enable-svc-source-range-check='true'" subsys=cilium-operator-generic
time=2025-09-17T02:17:38.204647511Z level=info msg="  --enable-tcx='true'" subsys=cilium-operator-generic
time=2025-09-17T02:17:38.204652596Z level=info msg="  --enable-vtep='false'" subsys=cilium-operator-generic
time=2025-09-17T02:17:38.204657996Z level=info msg="  --enable-well-known-identities='false'" subsys=cilium-operator-generic
time=2025-09-17T02:17:38.204663408Z level=info msg="  --enable-xt-socket-fallback='true'" subsys=cilium-operator-generic
time=2025-09-17T02:17:38.204673388Z level=info msg="  --enforce-ingress-https='true'" subsys=cilium-operator-generic
time=2025-09-17T02:17:38.204678823Z level=info msg="  --envoy-access-log-buffer-size='4096'" subsys=cilium-operator-generic
time=2025-09-17T02:17:38.204684255Z level=info msg="  --envoy-base-id='0'" subsys=cilium-operator-generic
time=2025-09-17T02:17:38.204689731Z level=info msg="  --envoy-keep-cap-netbindservice='false'" subsys=cilium-operator-generic
time=2025-09-17T02:17:38.205644217Z level=info msg="  --external-envoy-proxy='false'" subsys=cilium-operator-generic
time=2025-09-17T02:17:38.205741733Z level=info msg="  --gateway-api-hostnetwork-enabled='false'" subsys=cilium-operator-generic
time=2025-09-17T02:17:38.205754199Z level=info msg="  --gateway-api-hostnetwork-nodelabelselector=''" subsys=cilium-operator-generic
time=2025-09-17T02:17:38.205759903Z level=info msg="  --gateway-api-secrets-namespace='cilium-secrets'" subsys=cilium-operator-generic
time=2025-09-17T02:17:38.205764977Z level=info msg="  --gateway-api-service-externaltrafficpolicy='Cluster'" subsys=cilium-operator-generic
time=2025-09-17T02:17:38.205769133Z level=info msg="  --gateway-api-xff-num-trusted-hops='0'" subsys=cilium-operator-generic
time=2025-09-17T02:17:38.205773927Z level=info msg="  --gops-port='9891'" subsys=cilium-operator-generic
time=2025-09-17T02:17:38.205777637Z level=info msg="  --health-check-icmp-failure-threshold='3'" subsys=cilium-operator-generic
time=2025-09-17T02:17:38.205780918Z level=info msg="  --http-retry-count='3'" subsys=cilium-operator-generic
time=2025-09-17T02:17:38.205785303Z level=info msg="  --identity-allocation-mode='crd'" subsys=cilium-operator-generic
time=2025-09-17T02:17:38.205788979Z level=info msg="  --identity-gc-interval='15m0s'" subsys=cilium-operator-generic
time=2025-09-17T02:17:38.205793124Z level=info msg="  --identity-gc-rate-interval='1m0s'" subsys=cilium-operator-generic
time=2025-09-17T02:17:38.20579806Z level=info msg="  --identity-gc-rate-limit='2500'" subsys=cilium-operator-generic
time=2025-09-17T02:17:38.205801945Z level=info msg="  --identity-heartbeat-timeout='30m0s'" subsys=cilium-operator-generic
time=2025-09-17T02:17:38.20580531Z level=info msg="  --identity-management-mode='agent'" subsys=cilium-operator-generic
time=2025-09-17T02:17:38.20580926Z level=info msg="  --ingress-default-lb-mode='dedicated'" subsys=cilium-operator-generic
time=2025-09-17T02:17:38.205814076Z level=info msg="  --ingress-default-request-timeout='0s'" subsys=cilium-operator-generic
time=2025-09-17T02:17:38.205850776Z level=info msg="  --ingress-default-secret-name=''" subsys=cilium-operator-generic
time=2025-09-17T02:17:38.205858201Z level=info msg="  --ingress-default-secret-namespace=''" subsys=cilium-operator-generic
time=2025-09-17T02:17:38.205864745Z level=info msg="  --ingress-default-xff-num-trusted-hops='0'" subsys=cilium-operator-generic
time=2025-09-17T02:17:38.205871309Z level=info msg="  --ingress-hostnetwork-enabled='false'" subsys=cilium-operator-generic
time=2025-09-17T02:17:38.205876556Z level=info msg="  --ingress-hostnetwork-nodelabelselector=''" subsys=cilium-operator-generic
time=2025-09-17T02:17:38.205880549Z level=info msg="  --ingress-hostnetwork-shared-listener-port='0'" subsys=cilium-operator-generic
time=2025-09-17T02:17:38.205895706Z level=info msg="  --ingress-lb-annotation-prefixes='lbipam.cilium.io,service.beta.kubernetes.io,service.kubernetes.io,cloud.google.com'" subsys=cilium-operator-generic
time=2025-09-17T02:17:38.205902729Z level=info msg="  --ingress-secrets-namespace='cilium-secrets'" subsys=cilium-operator-generic
time=2025-09-17T02:17:38.205908359Z level=info msg="  --ingress-shared-lb-service-name='cilium-ingress'" subsys=cilium-operator-generic
time=2025-09-17T02:17:38.205913904Z level=info msg="  --install-no-conntrack-iptables-rules='false'" subsys=cilium-operator-generic
time=2025-09-17T02:17:38.205919538Z level=info msg="  --instance-tags-filter=''" subsys=cilium-operator-generic
time=2025-09-17T02:17:38.205923624Z level=info msg="  --ipam='kubernetes'" subsys=cilium-operator-generic
time=2025-09-17T02:17:38.205926949Z level=info msg="  --ipam-cilium-node-update-rate='15s'" subsys=cilium-operator-generic
time=2025-09-17T02:17:38.205930407Z level=info msg="  --iptables-random-fully='false'" subsys=cilium-operator-generic
time=2025-09-17T02:17:38.205933644Z level=info msg="  --ipv4-native-routing-cidr='10.244.0.0/16'" subsys=cilium-operator-generic
time=2025-09-17T02:17:38.20593854Z level=info msg="  --k8s-api-server=''" subsys=cilium-operator-generic
time=2025-09-17T02:17:38.205948857Z level=info msg="  --k8s-api-server-urls=''" subsys=cilium-operator-generic
time=2025-09-17T02:17:38.205953236Z level=info msg="  --k8s-client-connection-keep-alive='30s'" subsys=cilium-operator-generic
time=2025-09-17T02:17:38.205957582Z level=info msg="  --k8s-client-connection-timeout='30s'" subsys=cilium-operator-generic
time=2025-09-17T02:17:38.205961338Z level=info msg="  --k8s-heartbeat-timeout='30s'" subsys=cilium-operator-generic
time=2025-09-17T02:17:38.205965788Z level=info msg="  --k8s-kubeconfig-path=''" subsys=cilium-operator-generic
time=2025-09-17T02:17:38.2059696Z level=info msg="  --k8s-namespace='kube-system'" subsys=cilium-operator-generic
time=2025-09-17T02:17:38.205973001Z level=info msg="  --k8s-require-ipv4-pod-cidr='false'" subsys=cilium-operator-generic
time=2025-09-17T02:17:38.205976114Z level=info msg="  --k8s-require-ipv6-pod-cidr='false'" subsys=cilium-operator-generic
time=2025-09-17T02:17:38.205982275Z level=info msg="  --k8s-service-proxy-name=''" subsys=cilium-operator-generic
time=2025-09-17T02:17:38.205988577Z level=info msg="  --kube-proxy-replacement='true'" subsys=cilium-operator-generic
time=2025-09-17T02:17:38.205992354Z level=info msg="  --kube-proxy-replacement-healthz-bind-address='0.0.0.0:10256'" subsys=cilium-operator-generic
time=2025-09-17T02:17:38.20599683Z level=info msg="  --kvstore=''" subsys=cilium-operator-generic
time=2025-09-17T02:17:38.20600032Z level=info msg="  --kvstore-lease-ttl='15m0s'" subsys=cilium-operator-generic
time=2025-09-17T02:17:38.206007272Z level=info msg="  --kvstore-max-consecutive-quorum-errors='2'" subsys=cilium-operator-generic
time=2025-09-17T02:17:38.206020036Z level=info msg="  --kvstore-opt=''" subsys=cilium-operator-generic
time=2025-09-17T02:17:38.206024666Z level=info msg="  --leader-election-lease-duration='15s'" subsys=cilium-operator-generic
time=2025-09-17T02:17:38.206029107Z level=info msg="  --leader-election-renew-deadline='10s'" subsys=cilium-operator-generic
time=2025-09-17T02:17:38.20603289Z level=info msg="  --leader-election-retry-period='2s'" subsys=cilium-operator-generic
time=2025-09-17T02:17:38.206036937Z level=info msg="  --limit-ipam-api-burst='20'" subsys=cilium-operator-generic
time=2025-09-17T02:17:38.206041775Z level=info msg="  --limit-ipam-api-qps='4'" subsys=cilium-operator-generic
time=2025-09-17T02:17:38.206046412Z level=info msg="  --loadbalancer-l7=''" subsys=cilium-operator-generic
time=2025-09-17T02:17:38.206050578Z level=info msg="  --loadbalancer-l7-algorithm='round_robin'" subsys=cilium-operator-generic
time=2025-09-17T02:17:38.206066441Z level=info msg="  --loadbalancer-l7-ports=''" subsys=cilium-operator-generic
time=2025-09-17T02:17:38.206080832Z level=info msg="  --log-driver=''" subsys=cilium-operator-generic
time=2025-09-17T02:17:38.206086912Z level=info msg="  --log-opt=''" subsys=cilium-operator-generic
time=2025-09-17T02:17:38.206090366Z level=info msg="  --max-connected-clusters='255'" subsys=cilium-operator-generic
time=2025-09-17T02:17:38.206094079Z level=info msg="  --mesh-auth-enabled='true'" subsys=cilium-operator-generic
time=2025-09-17T02:17:38.206097229Z level=info msg="  --mesh-auth-gc-interval='5m0s'" subsys=cilium-operator-generic
time=2025-09-17T02:17:38.206101135Z level=info msg="  --mesh-auth-mutual-enabled='false'" subsys=cilium-operator-generic
time=2025-09-17T02:17:38.206104304Z level=info msg="  --mesh-auth-queue-size='1024'" subsys=cilium-operator-generic
time=2025-09-17T02:17:38.206107925Z level=info msg="  --mesh-auth-rotated-identities-queue-size='1024'" subsys=cilium-operator-generic
time=2025-09-17T02:17:38.206111652Z level=info msg="  --mesh-auth-spiffe-trust-domain='spiffe.cilium'" subsys=cilium-operator-generic
time=2025-09-17T02:17:38.206115615Z level=info msg="  --mesh-auth-spire-agent-socket='/run/spire/sockets/agent/agent.sock'" subsys=cilium-operator-generic
time=2025-09-17T02:17:38.20612037Z level=info msg="  --mesh-auth-spire-server-address='spire-server.spire.svc:8081'" subsys=cilium-operator-generic
time=2025-09-17T02:17:38.206124588Z level=info msg="  --mesh-auth-spire-server-connection-timeout='10s'" subsys=cilium-operator-generic
time=2025-09-17T02:17:38.206142186Z level=info msg="  --metrics-sampling-interval='5m'" subsys=cilium-operator-generic
time=2025-09-17T02:17:38.206148566Z level=info msg="  --monitor-aggregation='medium'" subsys=cilium-operator-generic
time=2025-09-17T02:17:38.206153809Z level=info msg="  --monitor-aggregation-flags='all'" subsys=cilium-operator-generic
time=2025-09-17T02:17:38.206157047Z level=info msg="  --monitor-aggregation-interval='5s'" subsys=cilium-operator-generic
time=2025-09-17T02:17:38.206160054Z level=info msg="  --nat-map-stats-entries='32'" subsys=cilium-operator-generic
time=2025-09-17T02:17:38.20616312Z level=info msg="  --nat-map-stats-interval='30s'" subsys=cilium-operator-generic
time=2025-09-17T02:17:38.206166209Z level=info msg="  --node-port-bind-protection='true'" subsys=cilium-operator-generic
time=2025-09-17T02:17:38.20617047Z level=info msg="  --nodeport-addresses=''" subsys=cilium-operator-generic
time=2025-09-17T02:17:38.206174797Z level=info msg="  --nodes-gc-interval='5m0s'" subsys=cilium-operator-generic
time=2025-09-17T02:17:38.206178273Z level=info msg="  --operator-api-serve-addr='127.0.0.1:9234'" subsys=cilium-operator-generic
time=2025-09-17T02:17:38.206182949Z level=info msg="  --operator-k8s-client-burst='200'" subsys=cilium-operator-generic
time=2025-09-17T02:17:38.206187243Z level=info msg="  --operator-k8s-client-qps='100'" subsys=cilium-operator-generic
time=2025-09-17T02:17:38.206191081Z level=info msg="  --operator-pprof='false'" subsys=cilium-operator-generic
time=2025-09-17T02:17:38.206194603Z level=info msg="  --operator-pprof-address='localhost'" subsys=cilium-operator-generic
time=2025-09-17T02:17:38.206198426Z level=info msg="  --operator-pprof-port='6061'" subsys=cilium-operator-generic
time=2025-09-17T02:17:38.206201963Z level=info msg="  --operator-prometheus-serve-addr=':9963'" subsys=cilium-operator-generic
time=2025-09-17T02:17:38.206205968Z level=info msg="  --parallel-alloc-workers='50'" subsys=cilium-operator-generic
time=2025-09-17T02:17:38.20621117Z level=info msg="  --pod-restart-selector='k8s-app=kube-dns'" subsys=cilium-operator-generic
time=2025-09-17T02:17:38.206218362Z level=info msg="  --policy-cidr-match-mode=''" subsys=cilium-operator-generic
time=2025-09-17T02:17:38.206222376Z level=info msg="  --policy-default-local-cluster='false'" subsys=cilium-operator-generic
time=2025-09-17T02:17:38.206225875Z level=info msg="  --policy-secrets-namespace='cilium-secrets'" subsys=cilium-operator-generic
time=2025-09-17T02:17:38.206229374Z level=info msg="  --policy-secrets-only-from-secrets-namespace='true'" subsys=cilium-operator-generic
time=2025-09-17T02:17:38.206232617Z level=info msg="  --preallocate-bpf-maps='false'" subsys=cilium-operator-generic
time=2025-09-17T02:17:38.206236746Z level=info msg="  --procfs='/host/proc'" subsys=cilium-operator-generic
time=2025-09-17T02:17:38.206239948Z level=info msg="  --prometheus-serve-addr=':9962'" subsys=cilium-operator-generic
time=2025-09-17T02:17:38.206243308Z level=info msg="  --proxy-connect-timeout='2'" subsys=cilium-operator-generic
time=2025-09-17T02:17:38.206246543Z level=info msg="  --proxy-idle-timeout-seconds='60'" subsys=cilium-operator-generic
time=2025-09-17T02:17:38.206249914Z level=info msg="  --proxy-initial-fetch-timeout='30'" subsys=cilium-operator-generic
time=2025-09-17T02:17:38.206253115Z level=info msg="  --proxy-max-concurrent-retries='128'" subsys=cilium-operator-generic
time=2025-09-17T02:17:38.20625634Z level=info msg="  --proxy-max-connection-duration-seconds='0'" subsys=cilium-operator-generic
time=2025-09-17T02:17:38.20626011Z level=info msg="  --proxy-max-requests-per-connection='0'" subsys=cilium-operator-generic
time=2025-09-17T02:17:38.206263375Z level=info msg="  --proxy-prometheus-port='9964'" subsys=cilium-operator-generic
time=2025-09-17T02:17:38.206266767Z level=info msg="  --proxy-xff-num-trusted-hops-egress='0'" subsys=cilium-operator-generic
time=2025-09-17T02:17:38.206269914Z level=info msg="  --proxy-xff-num-trusted-hops-ingress='0'" subsys=cilium-operator-generic
time=2025-09-17T02:17:38.206273979Z level=info msg="  --remove-cilium-node-taints='true'" subsys=cilium-operator-generic
time=2025-09-17T02:17:38.206277084Z level=info msg="  --routing-mode='native'" subsys=cilium-operator-generic
time=2025-09-17T02:17:38.206280136Z level=info msg="  --service-no-backend-response='reject'" subsys=cilium-operator-generic
time=2025-09-17T02:17:38.206286028Z level=info msg="  --set-cilium-is-up-condition='true'" subsys=cilium-operator-generic
time=2025-09-17T02:17:38.206292192Z level=info msg="  --set-cilium-node-taints='true'" subsys=cilium-operator-generic
time=2025-09-17T02:17:38.206296285Z level=info msg="  --skip-crd-creation='false'" subsys=cilium-operator-generic
time=2025-09-17T02:17:38.206308845Z level=info msg="  --subnet-ids-filter=''" subsys=cilium-operator-generic
time=2025-09-17T02:17:38.206314164Z level=info msg="  --subnet-tags-filter=''" subsys=cilium-operator-generic
time=2025-09-17T02:17:38.20631879Z level=info msg="  --synchronize-k8s-nodes='true'" subsys=cilium-operator-generic
time=2025-09-17T02:17:38.206322419Z level=info msg="  --synchronize-k8s-services='true'" subsys=cilium-operator-generic
time=2025-09-17T02:17:38.206326234Z level=info msg="  --taint-sync-workers='10'" subsys=cilium-operator-generic
time=2025-09-17T02:17:38.206329453Z level=info msg="  --tofqdns-dns-reject-response-code='refused'" subsys=cilium-operator-generic
time=2025-09-17T02:17:38.206333516Z level=info msg="  --tofqdns-enable-dns-compression='true'" subsys=cilium-operator-generic
time=2025-09-17T02:17:38.206338253Z level=info msg="  --tofqdns-endpoint-max-ip-per-hostname='1000'" subsys=cilium-operator-generic
time=2025-09-17T02:17:38.206341955Z level=info msg="  --tofqdns-idle-connection-grace-period='0s'" subsys=cilium-operator-generic
time=2025-09-17T02:17:38.206345912Z level=info msg="  --tofqdns-max-deferred-connection-deletes='10000'" subsys=cilium-operator-generic
time=2025-09-17T02:17:38.206349428Z level=info msg="  --tofqdns-preallocate-identities='true'" subsys=cilium-operator-generic
time=2025-09-17T02:17:38.206354079Z level=info msg="  --tofqdns-proxy-response-max-delay='100ms'" subsys=cilium-operator-generic
time=2025-09-17T02:17:38.20635933Z level=info msg="  --tunnel-protocol='vxlan'" subsys=cilium-operator-generic
time=2025-09-17T02:17:38.206364896Z level=info msg="  --tunnel-source-port-range='0-0'" subsys=cilium-operator-generic
time=2025-09-17T02:17:38.206368435Z level=info msg="  --unmanaged-pod-watcher-interval='15'" subsys=cilium-operator-generic
time=2025-09-17T02:17:38.20637197Z level=info msg="  --validate-network-policy='true'" subsys=cilium-operator-generic
time=2025-09-17T02:17:38.206375585Z level=info msg="  --version='false'" subsys=cilium-operator-generic
time=2025-09-17T02:17:38.206379536Z level=info msg="  --vtep-cidr=''" subsys=cilium-operator-generic
time=2025-09-17T02:17:38.20638333Z level=info msg="  --vtep-endpoint=''" subsys=cilium-operator-generic
time=2025-09-17T02:17:38.206386942Z level=info msg="  --vtep-mac=''" subsys=cilium-operator-generic
time=2025-09-17T02:17:38.206390568Z level=info msg="  --vtep-mask=''" subsys=cilium-operator-generic
time=2025-09-17T02:17:38.206393837Z level=info msg="  --write-cni-conf-when-ready='/host/etc/cni/net.d/05-cilium.conflist'" subsys=cilium-operator-generic
time=2025-09-17T02:17:38.206397829Z level=info msg="Cilium Operator" subsys=cilium-operator-generic version="1.18.1 e8a7070f 2025-08-13T14:47:02+00:00 go version go1.24.6 linux/amd64"
time=2025-09-17T02:17:38.240827846Z level=info msg="Setting up Secret synchronization" module=operator.operator-controlplane.leader-lifecycle.secret-sync registrations="[*v2.CiliumNetworkPolicy -> \"cilium-secrets\" *v2.CiliumClusterwideNetworkPolicy -> \"cilium-secrets\"]"
time=2025-09-17T02:17:38.242309007Z level=info msg="Registering CNP / CCNP validator" module=operator.operator-controlplane.leader-lifecycle.network-policy-validator
time=2025-09-17T02:17:38.242951872Z level=info msg="Starting hive"
time=2025-09-17T02:17:38.242992276Z level=info msg="Started gops server" module=operator.operator-infra.gops address=127.0.0.1:9891
time=2025-09-17T02:17:38.24565593Z level=info msg="Establishing connection to apiserver" module=operator.operator-infra.operator-k8s-client-builder.k8s-client-builder ipAddr=https://127.0.0.1:7445
time=2025-09-17T02:17:38.245702549Z level=info msg="Starting metrics server" module=operator.operator-infra.operator-metrics address=:9963
time=2025-09-17T02:17:38.248256939Z level=info msg="Connected to apiserver" module=operator.operator-infra.operator-k8s-client-builder.k8s-client-builder
time=2025-09-17T02:17:38.260880827Z level=info msg="Establishing connection to apiserver" module=operator.operator-infra.operator-k8s-client-builder.k8s-client-builder ipAddr=https://127.0.0.1:7445
time=2025-09-17T02:17:38.264659965Z level=info msg="Connected to apiserver" module=operator.operator-infra.operator-k8s-client-builder.k8s-client-builder
time=2025-09-17T02:17:38.268387811Z level=info msg="Started hive" duration=25.426034ms
time=2025-09-17T02:17:38.26862464Z level=info msg="Waiting for leader election" module=operator
time=2025-09-17T02:17:38.268673794Z level=info msg="attempting to acquire leader lease kube-system/cilium-operator-resource-lock..." subsys=klog
time=2025-09-17T02:17:38.275334287Z level=info msg="successfully acquired lease kube-system/cilium-operator-resource-lock" subsys=klog
time=2025-09-17T02:17:38.275353389Z level=info msg="Leading the operator HA deployment" module=operator
time=2025-09-17T02:17:38.782873134Z level=info msg="CRD (CustomResourceDefinition) is installed and up-to-date" module=operator.operator-controlplane.leader-lifecycle.create-crds name=ciliumnodes.cilium.io
time=2025-09-17T02:17:39.292796028Z level=info msg="CRD (CustomResourceDefinition) is installed and up-to-date" module=operator.operator-controlplane.leader-lifecycle.create-crds name=ciliumidentities.cilium.io
time=2025-09-17T02:17:39.803394304Z level=info msg="CRD (CustomResourceDefinition) is installed and up-to-date" module=operator.operator-controlplane.leader-lifecycle.create-crds name=ciliumpodippools.cilium.io
time=2025-09-17T02:17:40.321709703Z level=info msg="CRD (CustomResourceDefinition) is installed and up-to-date" module=operator.operator-controlplane.leader-lifecycle.create-crds name=ciliumendpoints.cilium.io
time=2025-09-17T02:17:40.884475335Z level=info msg="CRD (CustomResourceDefinition) is installed and up-to-date" module=operator.operator-controlplane.leader-lifecycle.create-crds name=ciliumnetworkpolicies.cilium.io
time=2025-09-17T02:17:41.446179359Z level=info msg="CRD (CustomResourceDefinition) is installed and up-to-date" module=operator.operator-controlplane.leader-lifecycle.create-crds name=ciliumclusterwidenetworkpolicies.cilium.io
time=2025-09-17T02:17:41.957229058Z level=info msg="CRD (CustomResourceDefinition) is installed and up-to-date" module=operator.operator-controlplane.leader-lifecycle.create-crds name=ciliumcidrgroups.cilium.io
time=2025-09-17T02:17:42.471883455Z level=info msg="CRD (CustomResourceDefinition) is installed and up-to-date" module=operator.operator-controlplane.leader-lifecycle.create-crds name=ciliumlocalredirectpolicies.cilium.io
time=2025-09-17T02:17:42.988400835Z level=info msg="CRD (CustomResourceDefinition) is installed and up-to-date" module=operator.operator-controlplane.leader-lifecycle.create-crds name=ciliumloadbalancerippools.cilium.io
time=2025-09-17T02:17:43.501644878Z level=info msg="CRD (CustomResourceDefinition) is installed and up-to-date" module=operator.operator-controlplane.leader-lifecycle.create-crds name=ciliuml2announcementpolicies.cilium.io
time=2025-09-17T02:17:44.013697194Z level=info msg="CRD (CustomResourceDefinition) is installed and up-to-date" module=operator.operator-controlplane.leader-lifecycle.create-crds name=ciliumnodeconfigs.cilium.io
time=2025-09-17T02:17:44.013834209Z level=info msg="Start hook executed" module=operator function="apis.createCRDs.func1 (.../k8s/apis/cell.go:64)" duration=5.738365612s
time=2025-09-17T02:17:44.013912311Z level=info msg="Start hook executed" module=operator function=*job.groupHooks.Start duration=3.815µs
time=2025-09-17T02:17:44.01395621Z level=info msg="Start hook executed" module=operator function=*job.groupHooks.Start duration=1.463µs
time=2025-09-17T02:17:44.014001316Z level=info msg="Start hook executed" module=operator function=*job.groupHooks.Start duration=1.287µs
time=2025-09-17T02:17:44.014062833Z level=info msg="Start hook executed" module=operator function=*resource.resource[*github.com/cilium/cilium/pkg/k8s/apis/cilium.io/v2.CiliumBGPClusterConfig].Start duration=14.506µs
time=2025-09-17T02:17:44.014165023Z level=info msg="Start hook executed" module=operator function=*resource.resource[*github.com/cilium/cilium/pkg/k8s/apis/cilium.io/v2.CiliumBGPNodeConfigOverride].Start duration=4.287µs
time=2025-09-17T02:17:44.014225205Z level=info msg="Start hook executed" module=operator function=*resource.resource[*github.com/cilium/cilium/pkg/k8s/apis/cilium.io/v2.CiliumBGPNodeConfig].Start duration=4.879µs
time=2025-09-17T02:17:44.014273032Z level=info msg="Start hook executed" module=operator function=*resource.resource[*github.com/cilium/cilium/pkg/k8s/apis/cilium.io/v2.CiliumBGPPeerConfig].Start duration=3.125µs
time=2025-09-17T02:17:44.014323974Z level=info msg="Start hook executed" module=operator function=*resource.resource[*github.com/cilium/cilium/pkg/k8s/apis/cilium.io/v2.CiliumNode].Start duration=3.146µs
time=2025-09-17T02:17:44.014377904Z level=info msg="Start hook executed" module=operator function=*job.groupHooks.Start duration=2.152µs
time=2025-09-17T02:17:44.014427804Z level=info msg="Start hook executed" module=operator function=*resource.resource[*github.com/cilium/cilium/pkg/k8s/apis/cilium.io/v2.CiliumLoadBalancerIPPool].Start duration=3.36µs
time=2025-09-17T02:17:44.014503636Z level=info msg="Start hook executed" module=operator function=*job.queuedJob.Start duration=18.313µs
time=2025-09-17T02:17:44.014545788Z level=info msg="Start hook executed" module=operator function=*job.groupHooks.Start duration=1.158µs
time=2025-09-17T02:17:44.014583965Z level=info msg="Start hook executed" module=operator function=*job.queuedJob.Start duration=13.188µs
time=2025-09-17T02:17:44.014637409Z level=info msg="Start hook executed" module=operator function=*resource.resource[*github.com/cilium/cilium/pkg/k8s/apis/cilium.io/v2.CiliumIdentity].Start duration=5.688µs
time=2025-09-17T02:17:44.014685637Z level=info msg="Start hook executed" module=operator function=*job.groupHooks.Start duration=1.821µs
time=2025-09-17T02:17:44.014726437Z level=info msg="Start hook executed" module=operator function=*job.groupHooks.Start duration=1.29µs
time=2025-09-17T02:17:44.01477162Z level=info msg="Start hook executed" module=operator function=*resource.resource[*sigs.k8s.io/mcs-api/pkg/apis/v1alpha1.ServiceExport].Start duration=4.824µs
time=2025-09-17T02:17:44.014821012Z level=info msg="Start hook executed" module=operator function=*resource.resource[*github.com/cilium/cilium/pkg/k8s.Endpoints].Start duration=4.204µs
time=2025-09-17T02:17:44.014871294Z level=info msg="Start hook executed" module=operator function=*resource.resource[*github.com/cilium/cilium/pkg/k8s/apis/cilium.io/v2alpha1.CiliumPodIPPool].Start duration=4.803µs
time=2025-09-17T02:17:44.014935924Z level=info msg="Start hook executed" module=operator function=*resource.resource[*github.com/cilium/cilium/pkg/k8s/apis/cilium.io/v2.CiliumEndpoint].Start duration=10.39µs
time=2025-09-17T02:17:44.014991768Z level=info msg="Start hook executed" module=operator function=*resource.resource[*github.com/cilium/cilium/pkg/k8s/apis/cilium.io/v2alpha1.CiliumEndpointSlice].Start duration=3.276µs
time=2025-09-17T02:17:44.015054187Z level=info msg="Start hook executed" module=operator function=*resource.resource[*github.com/cilium/cilium/pkg/k8s/slim/k8s/api/core/v1.Pod].Start duration=12.484µs
time=2025-09-17T02:17:44.015087377Z level=info msg="LB-IPAM initializing" module=operator.operator-controlplane.leader-lifecycle.lbipam
time=2025-09-17T02:17:44.015161262Z level=info msg="Start hook executed" module=operator function=*resource.resource[*github.com/cilium/cilium/pkg/k8s/slim/k8s/api/core/v1.Namespace].Start duration=33.575µs
time=2025-09-17T02:17:44.015235213Z level=info msg="Initializing IPAM" module=operator.operator-controlplane.leader-lifecycle.legacy-cell mode=kubernetes
time=2025-09-17T02:17:44.015286057Z level=info msg="Managing Cilium Node Taints or Setting Cilium Is Up Condition for Kubernetes Nodes" module=operator.operator-controlplane.leader-lifecycle.legacy-cell k8sNamespace=kube-system label-selector="k8s-app=cilium" remove-cilium-node-taints=true set-cilium-node-taints=true set-cilium-is-up-condition=true
time=2025-09-17T02:17:44.015795828Z level=info msg="Starting EventSource" module=operator.operator-controlplane.leader-lifecycle.controller-runtime controller=secret controllerGroup="" controllerKind=Secret source="kind source: *v2.CiliumNetworkPolicy"
time=2025-09-17T02:17:44.015774474Z level=info msg="Starting EventSource" module=operator.operator-controlplane.leader-lifecycle.controller-runtime controller=secret controllerGroup="" controllerKind=Secret source="kind source: *v1.Secret"
time=2025-09-17T02:17:44.015896907Z level=info msg="Starting EventSource" module=operator.operator-controlplane.leader-lifecycle.controller-runtime controller=secret controllerGroup="" controllerKind=Secret source="kind source: *v2.CiliumClusterwideNetworkPolicy"
time=2025-09-17T02:17:44.015763842Z level=info msg="Starting EventSource" module=operator.operator-controlplane.leader-lifecycle.controller-runtime controller=secret controllerGroup="" controllerKind=Secret source="kind source: *v1.Secret"
time=2025-09-17T02:17:44.232975983Z level=info msg="LB-IPAM done initializing" module=operator.operator-controlplane.leader-lifecycle.lbipam
time=2025-09-17T02:17:44.239268996Z level=info msg="Starting Controller" module=operator.operator-controlplane.leader-lifecycle.controller-runtime controller=secret controllerGroup="" controllerKind=Secret
time=2025-09-17T02:17:44.239292627Z level=info msg="Starting workers" module=operator.operator-controlplane.leader-lifecycle.controller-runtime controller=secret controllerGroup="" controllerKind=Secret "worker count"=1
time=2025-09-17T02:17:44.316905446Z level=info msg="Starting to synchronize CiliumNode custom resources" module=operator.operator-controlplane.leader-lifecycle.legacy-cell
time=2025-09-17T02:17:44.317031504Z level=info msg="Starting to garbage collect stale CiliumNode custom resources" module=operator.operator-controlplane.leader-lifecycle.legacy-cell subsys=watchers
time=2025-09-17T02:17:44.317153159Z level=info msg="Starting CNP derivative handler" module=operator.operator-controlplane.leader-lifecycle.legacy-cell
time=2025-09-17T02:17:44.317250911Z level=info msg="Starting CCNP derivative handler" module=operator.operator-controlplane.leader-lifecycle.legacy-cell
time=2025-09-17T02:17:44.317391048Z level=info msg="Parsing base label prefixes from default label list" module=operator.operator-controlplane.leader-lifecycle.legacy-cell
time=2025-09-17T02:17:44.317893707Z level=info msg="Parsing node label prefixes from user inputs" module=operator.operator-controlplane.leader-lifecycle.legacy-cell prefix=[]
time=2025-09-17T02:17:44.317947335Z level=info msg="Parsing additional label prefixes from user inputs" module=operator.operator-controlplane.leader-lifecycle.legacy-cell prefix=[]
time=2025-09-17T02:17:44.317985982Z level=info msg="Final label prefixes to be used for identity evaluation:" module=operator.operator-controlplane.leader-lifecycle.legacy-cell
time=2025-09-17T02:17:44.318037759Z level=info msg=" - reserved:.*" module=operator.operator-controlplane.leader-lifecycle.legacy-cell
time=2025-09-17T02:17:44.318075948Z level=info msg=" - :io\\.kubernetes\\.pod\\.namespace" module=operator.operator-controlplane.leader-lifecycle.legacy-cell
time=2025-09-17T02:17:44.318107976Z level=info msg=" - :io\\.cilium\\.k8s\\.namespace\\.labels" module=operator.operator-controlplane.leader-lifecycle.legacy-cell
time=2025-09-17T02:17:44.318168546Z level=info msg=" - :app\\.kubernetes\\.io" module=operator.operator-controlplane.leader-lifecycle.legacy-cell
time=2025-09-17T02:17:44.31820355Z level=info msg=" - :io\\.cilium\\.k8s\\.policy\\.cluster" module=operator.operator-controlplane.leader-lifecycle.legacy-cell
time=2025-09-17T02:17:44.318233187Z level=info msg=" - :io\\.cilium\\.k8s\\.policy\\.serviceaccount" module=operator.operator-controlplane.leader-lifecycle.legacy-cell
time=2025-09-17T02:17:44.318266451Z level=info msg=" - !:io\\.kubernetes" module=operator.operator-controlplane.leader-lifecycle.legacy-cell
time=2025-09-17T02:17:44.318301058Z level=info msg=" - !:kubernetes\\.io" module=operator.operator-controlplane.leader-lifecycle.legacy-cell
time=2025-09-17T02:17:44.318333287Z level=info msg=" - !:statefulset\\.kubernetes\\.io/pod-name" module=operator.operator-controlplane.leader-lifecycle.legacy-cell
time=2025-09-17T02:17:44.318361981Z level=info msg=" - !:apps\\.kubernetes\\.io/pod-index" module=operator.operator-controlplane.leader-lifecycle.legacy-cell
time=2025-09-17T02:17:44.318391273Z level=info msg=" - !:batch\\.kubernetes\\.io/job-completion-index" module=operator.operator-controlplane.leader-lifecycle.legacy-cell
time=2025-09-17T02:17:44.318420345Z level=info msg=" - !:batch\\.kubernetes\\.io/controller-uid" module=operator.operator-controlplane.leader-lifecycle.legacy-cell
time=2025-09-17T02:17:44.31844941Z level=info msg=" - !:.*beta\\.kubernetes\\.io" module=operator.operator-controlplane.leader-lifecycle.legacy-cell
time=2025-09-17T02:17:44.31847827Z level=info msg=" - !:k8s\\.io" module=operator.operator-controlplane.leader-lifecycle.legacy-cell
time=2025-09-17T02:17:44.318505887Z level=info msg=" - !:pod-template-generation" module=operator.operator-controlplane.leader-lifecycle.legacy-cell
time=2025-09-17T02:17:44.31856308Z level=info msg=" - !:pod-template-hash" module=operator.operator-controlplane.leader-lifecycle.legacy-cell
time=2025-09-17T02:17:44.318597078Z level=info msg=" - !:controller-revision-hash" module=operator.operator-controlplane.leader-lifecycle.legacy-cell
time=2025-09-17T02:17:44.318629868Z level=info msg=" - !:controller-uid" module=operator.operator-controlplane.leader-lifecycle.legacy-cell
time=2025-09-17T02:17:44.318661077Z level=info msg=" - !:annotation.*" module=operator.operator-controlplane.leader-lifecycle.legacy-cell
time=2025-09-17T02:17:44.318691338Z level=info msg=" - !:etcd_node" module=operator.operator-controlplane.leader-lifecycle.legacy-cell
time=2025-09-17T02:17:44.31872062Z level=info msg="Final node label prefixes to be used for identity evaluation:" module=operator.operator-controlplane.leader-lifecycle.legacy-cell
time=2025-09-17T02:17:44.318758017Z level=info msg="Initialization complete" module=operator.operator-controlplane.leader-lifecycle.legacy-cell
time=2025-09-17T02:17:44.318796464Z level=info msg="Start hook executed" module=operator function=cmd.(*legacyOnLeader).onStart duration=303.569464ms
time=2025-09-17T02:17:44.319111392Z level=info msg="Starting CRD identity garbage collector" module=operator.operator-controlplane.leader-lifecycle.k8s-identities-gc interval=15m0s
time=2025-09-17T02:17:44.319333674Z level=info msg="Start hook executed" module=operator function="identitygc.registerGC.func1 (.../operator/identitygc/gc.go:120)" duration=406.685µs
time=2025-09-17T02:17:44.319446357Z level=info msg="Start hook executed" module=operator function=*job.groupHooks.Start duration=4.404µs
time=2025-09-17T02:17:44.319510388Z level=info msg="Start hook executed" module=operator function=*job.groupHooks.Start duration=2.16µs
time=2025-09-17T02:17:44.31957723Z level=info msg="Starting to garbage collect stale CiliumEndpoint custom resources" module=operator.operator-controlplane.leader-lifecycle.k8s-endpoints-gc
time=2025-09-17T02:17:44.319673904Z level=info msg="Start hook executed" module=operator function=*endpointgc.GC.Start duration=100.37µs
time=2025-09-17T02:17:44.319753777Z level=info msg="Start hook executed" module=operator function=*job.groupHooks.Start duration=2.27µs
time=2025-09-17T02:17:44.319808101Z level=info msg="Start hook executed" module=operator function=*job.groupHooks.Start duration=1.488µs
time=2025-09-17T02:17:44.319865982Z level=info msg="Start hook executed" module=operator function=*job.groupHooks.Start duration=1.682µs
time=2025-09-17T02:17:44.319952455Z level=info msg="Start hook executed" module=operator function=*resource.resource[*github.com/cilium/cilium/pkg/k8s/apis/cilium.io/v2.CiliumNetworkPolicy].Start duration=9.118µs
time=2025-09-17T02:17:44.320129904Z level=info msg="Start hook executed" module=operator function=*resource.resource[*github.com/cilium/cilium/pkg/k8s/apis/cilium.io/v2.CiliumClusterwideNetworkPolicy].Start duration=11.896µs
time=2025-09-17T02:17:44.320368165Z level=info msg="Start hook executed" module=operator function=*job.queuedJob.Start duration=18.075µs
time=2025-09-17T02:17:44.320602072Z level=info msg="Start hook executed" module=operator function=*job.queuedJob.Start duration=21.994µs
time=2025-09-17T02:17:44.320695491Z level=info msg="Start hook executed" module=operator function=*job.groupHooks.Start duration=2.238µs
time=2025-09-17T02:17:44.320763655Z level=info msg="Start hook executed" module=operator function=*job.queuedJob.Start duration=10.176µs
time=2025-09-17T02:17:44.417736815Z level=info msg="CiliumNodes caches synced with Kubernetes" module=operator.operator-controlplane.leader-lifecycle.legacy-cell
time=2025-09-17T02:18:28.550928769Z level=info msg="Cilium pod scheduled but not running for node; setting taint" module=operator.operator-controlplane.leader-lifecycle.legacy-cell subsys=watchers nodeName=smolboi
time=2025-09-17T02:18:37.367509333Z level=info msg="Cilium pod scheduled but not running for node; setting taint" module=operator.operator-controlplane.leader-lifecycle.legacy-cell subsys=watchers nodeName=dapperhat
time=2025-09-17T02:18:40.927923518Z level=info msg="Cilium pod running for node; marking accordingly" module=operator.operator-controlplane.leader-lifecycle.legacy-cell subsys=watchers nodeName=smolboi
time=2025-09-17T02:18:46.122612442Z level=info msg="Cilium pod scheduled but not running for node; setting taint" module=operator.operator-controlplane.leader-lifecycle.legacy-cell subsys=watchers nodeName=chonker
time=2025-09-17T02:18:49.799345482Z level=info msg="Cilium pod running for node; marking accordingly" module=operator.operator-controlplane.leader-lifecycle.legacy-cell subsys=watchers nodeName=dapperhat
time=2025-09-17T02:18:53.40478696Z level=info msg="Cilium pod scheduled but not running for node; setting taint" module=operator.operator-controlplane.leader-lifecycle.legacy-cell subsys=watchers nodeName=stargazer
time=2025-09-17T02:18:58.808821841Z level=info msg="Cilium pod running for node; marking accordingly" module=operator.operator-controlplane.leader-lifecycle.legacy-cell subsys=watchers nodeName=chonker
time=2025-09-17T02:19:05.844352053Z level=info msg="Cilium pod running for node; marking accordingly" module=operator.operator-controlplane.leader-lifecycle.legacy-cell subsys=watchers nodeName=stargazer
